
2026-04-16 18:52:46 WARN log message number 1 from service-0
2026-04-16 17:00:56 INFO log message number 2 from service-1
2026-04-16 05:47:28 TRACE log message number 3 from service-4
2026-04-16 11:37:01 TRACE log message number 4 from service-9
2026-04-16 13:32:56 ERROR log message number 5 from service-5
2026-04-16 07:26:23 INFO log message number 6 from service-0
2026-04-16 07:54:48 DEBUG log message number 7 from service-0
2026-04-16 15:04:45 TRACE log message number 8 from service-0
2026-04-16 15:28:46 DEBUG log message number 9 from service-5
2026-04-16 20:14:21 ERROR log message number 10 from service-5
2026-04-16 02:21:16 WARN log message number 11 from service-5
2026-04-16 21:13:06 WARN log message number 12 from service-6
2026-04-16 23:39:47 INFO log message number 13 from service-7
2026-04-16 13:19:45 ERROR log message number 14 from service-3
2026-04-16 13:47:51 DEBUG log message number 15 from service-9
2026-04-16 00:25:10 ERROR log message number 16 from service-7
2026-04-16 19:59:32 ERROR log message number 17 from service-4
2026-04-16 02:35:56 WARN log message number 18 from service-8
2026-04-16 06:17:35 TRACE log message number 19 from service-5
2026-04-16 01:48:55 ERROR log message number 20 from service-6
2026-04-16 06:46:47 DEBUG log message number 21 from service-6
2026-04-16 00:20:12 ERROR log message number 22 from service-7
2026-04-16 15:58:14 DEBUG log message number 23 from service-3
2026-04-16 13:29:08 TRACE log message number 24 from service-1
2026-04-16 18:10:45 ERROR log message number 25 from service-1
2026-04-16 00:37:17 TRACE log message number 26 from service-9
2026-04-16 07:38:07 DEBUG log message number 27 from service-2
2026-04-16 20:01:31 ERROR log message number 28 from service-8
2026-04-16 21:19:48 DEBUG log message number 29 from service-6
2026-04-16 06:56:50 ERROR log message number 30 from service-4
2026-04-16 12:25:55 DEBUG log message number 31 from service-7
2026-04-16 17:42:24 DEBUG log message number 32 from service-1
2026-04-16 07:31:53 INFO log message number 33 from service-0
2026-04-16 20:50:05 TRACE log message number 34 from service-7
2026-04-16 23:34:13 TRACE log message number 35 from service-2
2026-04-16 16:23:21 TRACE log message number 36 from service-9
2026-04-16 12:57:49 DEBUG log message number 37 from service-9
2026-04-16 20:01:47 WARN log message number 38 from service-6
2026-04-16 10:00:41 ERROR log message number 39 from service-4
2026-04-16 16:54:08 WARN log message number 40 from service-9
2026-04-16 10:52:30 WARN log message number 41 from service-2
2026-04-16 17:36:11 INFO log message number 42 from service-9
2026-04-16 09:47:34 WARN log message number 43 from service-4
2026-04-16 15:40:26 DEBUG log message number 44 from service-3
2026-04-16 05:46:58 TRACE log message number 45 from service-1
2026-04-16 14:00:05 WARN log message number 46 from service-0
2026-04-16 22:07:02 ERROR log message number 47 from service-1
2026-04-16 09:18:49 DEBUG log message number 48 from service-1
2026-04-16 15:20:49 DEBUG log message number 49 from service-6
2026-04-16 03:40:06 ERROR log message number 50 from service-5
2026-04-16 15:15:52 TRACE log message number 51 from service-9
2026-04-16 19:18:53 ERROR log message number 52 from service-8
2026-04-16 12:42:00 ERROR log message number 53 from service-1
2026-04-16 14:20:21 DEBUG log message number 54 from service-6
2026-04-16 19:58:33 TRACE log message number 55 from service-1
2026-04-16 18:19:09 DEBUG log message number 56 from service-0
2026-04-16 02:50:45 WARN log message number 57 from service-3
2026-04-16 19:26:34 WARN log message number 58 from service-2
2026-04-16 02:10:14 WARN log message number 59 from service-6
2026-04-16 00:12:27 WARN log message number 60 from service-9
2026-04-16 20:10:00 ERROR log message number 61 from service-7
2026-04-16 21:44:32 ERROR log message number 62 from service-5
2026-04-16 16:06:41 DEBUG log message number 63 from service-9
2026-04-16 02:58:43 TRACE log message number 64 from service-4
2026-04-16 17:14:24 ERROR log message number 65 from service-7
2026-04-16 11:57:05 WARN log message number 66 from service-5
2026-04-16 12:55:11 ERROR log message number 67 from service-0
2026-04-16 00:33:17 INFO log message number 68 from service-8
2026-04-16 06:13:20 ERROR log message number 69 from service-3
2026-04-16 14:18:06 INFO log message number 70 from service-9
2026-04-16 12:41:18 ERROR log message number 71 from service-9
2026-04-16 18:26:38 ERROR log message number 72 from service-4
2026-04-16 08:33:00 WARN log message number 73 from service-4
2026-04-16 13:37:38 ERROR log message number 74 from service-8
2026-04-16 12:29:36 TRACE log message number 75 from service-7
2026-04-16 02:55:13 DEBUG log message number 76 from service-3
2026-04-16 16:46:23 DEBUG log message number 77 from service-0
2026-04-16 12:23:01 WARN log message number 78 from service-8
2026-04-16 08:47:36 INFO log message number 79 from service-2
2026-04-16 06:23:27 WARN log message number 80 from service-0
2026-04-16 05:36:36 TRACE log message number 81 from service-2
2026-04-16 12:38:00 WARN log message number 82 from service-3
2026-04-16 23:34:14 WARN log message number 83 from service-0
2026-04-16 09:28:56 DEBUG log message number 84 from service-7
2026-04-16 02:12:33 TRACE log message number 85 from service-6
2026-04-16 17:50:55 INFO log message number 86 from service-3
2026-04-16 16:25:31 TRACE log message number 87 from service-8
2026-04-16 20:04:13 WARN log message number 88 from service-4
2026-04-16 09:06:49 ERROR log message number 89 from service-2
2026-04-16 15:55:16 INFO log message number 90 from service-6
2026-04-16 00:57:16 ERROR log message number 91 from service-0
2026-04-16 23:01:18 WARN log message number 92 from service-1
2026-04-16 21:58:48 TRACE log message number 93 from service-1
2026-04-16 11:25:22 DEBUG log message number 94 from service-3
2026-04-16 06:56:05 INFO log message number 95 from service-2
2026-04-16 09:12:09 TRACE log message number 96 from service-6
2026-04-16 18:51:39 INFO log message number 97 from service-9
2026-04-16 21:33:39 TRACE log message number 98 from service-2
2026-04-16 02:22:09 DEBUG log message number 99 from service-2
2026-04-16 12:22:16 WARN log message number 100 from service-2
2026-04-16 09:01:39 INFO log message number 101 from service-4
2026-04-16 11:03:17 DEBUG log message number 102 from service-0
2026-04-16 15:01:04 ERROR log message number 103 from service-0
2026-04-16 14:57:19 DEBUG log message number 104 from service-6
2026-04-16 01:05:30 DEBUG log message number 105 from service-2
2026-04-16 16:57:07 TRACE log message number 106 from service-6
2026-04-16 11:48:54 ERROR log message number 107 from service-2
2026-04-16 20:00:17 DEBUG log message number 108 from service-0
2026-04-16 10:25:51 ERROR log message number 109 from service-2
2026-04-16 22:09:20 WARN log message number 110 from service-1
2026-04-16 10:21:49 ERROR log message number 111 from service-9
2026-04-16 23:01:08 INFO log message number 112 from service-0
2026-04-16 09:19:23 INFO log message number 113 from service-5
2026-04-16 02:11:11 DEBUG log message number 114 from service-6
2026-04-16 13:53:37 WARN log message number 115 from service-4
2026-04-16 09:52:48 DEBUG log message number 116 from service-8
2026-04-16 00:34:00 TRACE log message number 117 from service-5
2026-04-16 14:51:47 INFO log message number 118 from service-9
2026-04-16 13:49:55 INFO log message number 119 from service-0
2026-04-16 13:32:35 DEBUG log message number 120 from service-6
2026-04-16 07:19:04 DEBUG log message number 121 from service-6
2026-04-16 05:30:49 TRACE log message number 122 from service-9
2026-04-16 16:37:24 ERROR log message number 123 from service-5
2026-04-16 10:56:28 DEBUG log message number 124 from service-6
2026-04-16 20:23:00 ERROR log message number 125 from service-8
2026-04-16 05:42:56 WARN log message number 126 from service-2
2026-04-16 01:17:20 ERROR log message number 127 from service-2
2026-04-16 13:52:02 TRACE log message number 128 from service-0
2026-04-16 22:06:08 INFO log message number 129 from service-2
2026-04-16 12:42:56 WARN log message number 130 from service-2
2026-04-16 04:23:01 WARN log message number 131 from service-0
2026-04-16 16:37:17 DEBUG log message number 132 from service-0
2026-04-16 00:39:24 WARN log message number 133 from service-6
2026-04-16 13:25:20 DEBUG log message number 134 from service-6
2026-04-16 11:51:42 TRACE log message number 135 from service-9
2026-04-16 01:54:50 DEBUG log message number 136 from service-2
2026-04-16 13:09:07 TRACE log message number 137 from service-0
2026-04-16 08:30:58 WARN log message number 138 from service-7
2026-04-16 04:22:53 INFO log message number 139 from service-1
2026-04-16 08:54:36 ERROR log message number 140 from service-2
2026-04-16 02:35:58 INFO log message number 141 from service-8
2026-04-16 16:16:57 TRACE log message number 142 from service-9
2026-04-16 06:28:36 WARN log message number 143 from service-3
2026-04-16 08:51:40 INFO log message number 144 from service-2
2026-04-16 07:42:40 DEBUG log message number 145 from service-8
2026-04-16 09:41:14 WARN log message number 146 from service-8
2026-04-16 02:53:03 INFO log message number 147 from service-5
2026-04-16 18:12:34 DEBUG log message number 148 from service-6
2026-04-16 12:49:58 ERROR log message number 149 from service-0
2026-04-16 07:08:54 ERROR log message number 150 from service-6
2026-04-16 23:43:42 DEBUG log message number 151 from service-1
2026-04-16 05:32:06 INFO log message number 152 from service-5
2026-04-16 05:51:34 DEBUG log message number 153 from service-7
2026-04-16 05:20:13 DEBUG log message number 154 from service-5
2026-04-16 08:55:39 INFO log message number 155 from service-4
2026-04-16 18:06:47 DEBUG log message number 156 from service-4
2026-04-16 05:49:58 TRACE log message number 157 from service-1
2026-04-16 01:19:36 INFO log message number 158 from service-9
2026-04-16 21:53:55 WARN log message number 159 from service-0
2026-04-16 19:05:39 INFO log message number 160 from service-5
2026-04-16 14:16:45 WARN log message number 161 from service-4
2026-04-16 11:37:20 DEBUG log message number 162 from service-8
2026-04-16 10:38:05 INFO log message number 163 from service-0
2026-04-16 09:25:38 ERROR log message number 164 from service-4
2026-04-16 02:44:18 INFO log message number 165 from service-7
2026-04-16 21:09:49 DEBUG log message number 166 from service-7
2026-04-16 18:40:31 WARN log message number 167 from service-6
2026-04-16 20:51:12 ERROR log message number 168 from service-5
2026-04-16 02:46:53 TRACE log message number 169 from service-9
2026-04-16 10:32:41 DEBUG log message number 170 from service-4
2026-04-16 18:44:59 ERROR log message number 171 from service-1
2026-04-16 16:01:16 INFO log message number 172 from service-8
2026-04-16 07:49:41 INFO log message number 173 from service-7
2026-04-16 04:03:12 TRACE log message number 174 from service-1
2026-04-16 17:17:17 ERROR log message number 175 from service-6
2026-04-16 10:14:20 ERROR log message number 176 from service-8
2026-04-16 15:55:09 TRACE log message number 177 from service-6
2026-04-16 19:27:20 ERROR log message number 178 from service-0
2026-04-16 17:53:05 DEBUG log message number 179 from service-4
2026-04-16 19:36:01 WARN log message number 180 from service-5
2026-04-16 22:41:29 ERROR log message number 181 from service-1
2026-04-16 23:33:56 WARN log message number 182 from service-9
2026-04-16 19:14:00 ERROR log message number 183 from service-3
2026-04-16 19:42:54 ERROR log message number 184 from service-1
2026-04-16 14:22:02 TRACE log message number 185 from service-2
2026-04-16 07:58:37 INFO log message number 186 from service-3
2026-04-16 08:04:26 TRACE log message number 187 from service-3
2026-04-16 16:53:17 DEBUG log message number 188 from service-6
2026-04-16 14:43:00 TRACE log message number 189 from service-1
2026-04-16 23:49:04 INFO log message number 190 from service-8
2026-04-16 07:56:38 DEBUG log message number 191 from service-0
2026-04-16 22:07:34 ERROR log message number 192 from service-2
2026-04-16 10:24:52 DEBUG log message number 193 from service-7
2026-04-16 07:18:45 INFO log message number 194 from service-8
2026-04-16 22:16:50 INFO log message number 195 from service-7
2026-04-16 15:11:45 WARN log message number 196 from service-7
2026-04-16 07:27:52 TRACE log message number 197 from service-1
2026-04-16 10:45:51 ERROR log message number 198 from service-1
2026-04-16 07:34:32 INFO log message number 199 from service-9
2026-04-16 15:05:17 ERROR log message number 200 from service-4
2026-04-16 14:48:13 INFO log message number 201 from service-6
2026-04-16 13:40:48 DEBUG log message number 202 from service-2
2026-04-16 12:05:33 INFO log message number 203 from service-9
2026-04-16 15:50:09 TRACE log message number 204 from service-3
2026-04-16 11:08:46 WARN log message number 205 from service-7
2026-04-16 06:21:29 DEBUG log message number 206 from service-3
2026-04-16 03:28:41 INFO log message number 207 from service-3
2026-04-16 22:46:28 WARN log message number 208 from service-2
2026-04-16 22:58:13 ERROR log message number 209 from service-9
2026-04-16 01:49:53 INFO log message number 210 from service-2
2026-04-16 05:46:26 ERROR log message number 211 from service-8
2026-04-16 14:29:50 DEBUG log message number 212 from service-4
2026-04-16 10:42:12 ERROR log message number 213 from service-5
2026-04-16 13:49:13 ERROR log message number 214 from service-9
2026-04-16 21:01:06 ERROR log message number 215 from service-8
2026-04-16 07:24:55 INFO log message number 216 from service-8
2026-04-16 16:42:35 WARN log message number 217 from service-2
2026-04-16 15:38:43 INFO log message number 218 from service-1
2026-04-16 10:33:28 DEBUG log message number 219 from service-6
2026-04-16 07:39:14 WARN log message number 220 from service-5
2026-04-16 16:29:11 INFO log message number 221 from service-7
2026-04-16 21:31:24 ERROR log message number 222 from service-1
2026-04-16 00:59:55 ERROR log message number 223 from service-7
2026-04-16 18:22:12 ERROR log message number 224 from service-4
2026-04-16 18:18:48 TRACE log message number 225 from service-9
2026-04-16 13:26:47 WARN log message number 226 from service-5
2026-04-16 12:38:57 INFO log message number 227 from service-4
2026-04-16 00:34:02 ERROR log message number 228 from service-5
2026-04-16 18:16:51 WARN log message number 229 from service-3
2026-04-16 05:04:36 INFO log message number 230 from service-7
2026-04-16 13:07:17 WARN log message number 231 from service-6
2026-04-16 02:23:06 WARN log message number 232 from service-6
2026-04-16 20:00:50 WARN log message number 233 from service-6
2026-04-16 18:41:02 DEBUG log message number 234 from service-1
2026-04-16 00:48:18 DEBUG log message number 235 from service-2
2026-04-16 11:23:48 ERROR log message number 236 from service-4
2026-04-16 21:45:54 ERROR log message number 237 from service-7
2026-04-16 13:48:50 WARN log message number 238 from service-9
2026-04-16 21:41:23 DEBUG log message number 239 from service-7
2026-04-16 04:39:14 INFO log message number 240 from service-6
2026-04-16 12:32:54 ERROR log message number 241 from service-5
2026-04-16 22:20:36 INFO log message number 242 from service-6
2026-04-16 13:03:21 INFO log message number 243 from service-2
2026-04-16 04:04:03 WARN log message number 244 from service-1
2026-04-16 05:52:09 TRACE log message number 245 from service-3
2026-04-16 17:19:27 WARN log message number 246 from service-3
2026-04-16 15:40:15 ERROR log message number 247 from service-6
2026-04-16 12:02:12 ERROR log message number 248 from service-2
2026-04-16 05:51:08 ERROR log message number 249 from service-6
2026-04-16 23:55:35 WARN log message number 250 from service-7
2026-04-16 13:06:54 TRACE log message number 251 from service-4
2026-04-16 14:08:08 INFO log message number 252 from service-7
2026-04-16 12:56:12 WARN log message number 253 from service-9
2026-04-16 15:24:24 WARN log message number 254 from service-1
2026-04-16 22:06:16 TRACE log message number 255 from service-6
2026-04-16 18:58:43 WARN log message number 256 from service-4
2026-04-16 13:31:47 INFO log message number 257 from service-0
2026-04-16 11:06:53 DEBUG log message number 258 from service-4
2026-04-16 12:21:21 WARN log message number 259 from service-7
2026-04-16 20:34:30 INFO log message number 260 from service-9
2026-04-16 11:05:33 ERROR log message number 261 from service-8
2026-04-16 15:27:10 TRACE log message number 262 from service-7
2026-04-16 03:39:53 INFO log message number 263 from service-3
2026-04-16 11:44:37 WARN log message number 264 from service-3
2026-04-16 16:24:41 ERROR log message number 265 from service-4
2026-04-16 08:55:47 DEBUG log message number 266 from service-9
2026-04-16 02:21:53 WARN log message number 267 from service-0
2026-04-16 23:21:34 ERROR log message number 268 from service-3
2026-04-16 19:44:07 INFO log message number 269 from service-3
2026-04-16 12:36:20 DEBUG log message number 270 from service-3
2026-04-16 22:53:16 INFO log message number 271 from service-8
2026-04-16 01:18:27 DEBUG log message number 272 from service-9
2026-04-16 08:51:07 ERROR log message number 273 from service-8
2026-04-16 07:43:09 DEBUG log message number 274 from service-0
2026-04-16 17:33:20 TRACE log message number 275 from service-8
2026-04-16 14:10:03 INFO log message number 276 from service-8
2026-04-16 02:09:31 INFO log message number 277 from service-2
2026-04-16 11:55:21 DEBUG log message number 278 from service-0
2026-04-16 07:58:27 WARN log message number 279 from service-8
2026-04-16 06:17:19 ERROR log message number 280 from service-7
2026-04-16 03:38:13 TRACE log message number 281 from service-0
2026-04-16 04:12:15 INFO log message number 282 from service-3
2026-04-16 07:05:05 WARN log message number 283 from service-1
2026-04-16 01:01:05 INFO log message number 284 from service-5
2026-04-16 22:11:14 ERROR log message number 285 from service-5
2026-04-16 08:06:15 TRACE log message number 286 from service-6
2026-04-16 03:44:19 ERROR log message number 287 from service-7
2026-04-16 21:08:44 DEBUG log message number 288 from service-9
2026-04-16 21:21:07 DEBUG log message number 289 from service-7
2026-04-16 11:31:13 INFO log message number 290 from service-9
2026-04-16 02:29:55 DEBUG log message number 291 from service-6
2026-04-16 13:11:51 INFO log message number 292 from service-7
2026-04-16 20:02:45 DEBUG log message number 293 from service-1
2026-04-16 00:58:10 WARN log message number 294 from service-9
2026-04-16 09:26:47 INFO log message number 295 from service-4
2026-04-16 07:29:13 ERROR log message number 296 from service-3
2026-04-16 23:48:35 ERROR log message number 297 from service-0
2026-04-16 00:55:21 TRACE log message number 298 from service-9
2026-04-16 17:02:35 INFO log message number 299 from service-5
2026-04-16 12:41:54 INFO log message number 300 from service-1
2026-04-16 02:54:33 WARN log message number 301 from service-7
2026-04-16 04:44:22 TRACE log message number 302 from service-3
2026-04-16 22:51:44 WARN log message number 303 from service-3
2026-04-16 03:47:45 INFO log message number 304 from service-3
2026-04-16 09:39:21 INFO log message number 305 from service-2
2026-04-16 03:51:13 TRACE log message number 306 from service-1
2026-04-16 23:09:50 ERROR log message number 307 from service-8
2026-04-16 13:40:13 WARN log message number 308 from service-1
2026-04-16 21:14:01 INFO log message number 309 from service-2
2026-04-16 08:22:20 TRACE log message number 310 from service-4
2026-04-16 05:44:32 ERROR log message number 311 from service-7
2026-04-16 23:45:32 WARN log message number 312 from service-6
2026-04-16 05:27:17 INFO log message number 313 from service-0
2026-04-16 01:24:52 INFO log message number 314 from service-0
2026-04-16 01:24:40 ERROR log message number 315 from service-4
2026-04-16 06:08:28 WARN log message number 316 from service-1
2026-04-16 19:25:57 TRACE log message number 317 from service-7
2026-04-16 19:28:47 WARN log message number 318 from service-7
2026-04-16 10:01:08 WARN log message number 319 from service-7
2026-04-16 05:36:37 DEBUG log message number 320 from service-6
2026-04-16 09:34:52 DEBUG log message number 321 from service-4
2026-04-16 02:45:40 TRACE log message number 322 from service-5
2026-04-16 03:42:29 DEBUG log message number 323 from service-1
2026-04-16 01:53:45 DEBUG log message number 324 from service-8
2026-04-16 11:01:32 ERROR log message number 325 from service-9
2026-04-16 10:25:38 WARN log message number 326 from service-3
2026-04-16 14:40:32 DEBUG log message number 327 from service-1
2026-04-16 00:42:31 WARN log message number 328 from service-3
2026-04-16 14:33:47 ERROR log message number 329 from service-7
2026-04-16 20:29:58 ERROR log message number 330 from service-5
2026-04-16 13:05:34 TRACE log message number 331 from service-7
2026-04-16 01:27:01 DEBUG log message number 332 from service-5
2026-04-16 09:22:20 TRACE log message number 333 from service-3
2026-04-16 20:49:59 ERROR log message number 334 from service-7
2026-04-16 22:21:55 INFO log message number 335 from service-0
2026-04-16 04:19:21 INFO log message number 336 from service-0
2026-04-16 22:16:37 DEBUG log message number 337 from service-4
2026-04-16 16:16:28 WARN log message number 338 from service-1
2026-04-16 00:22:10 DEBUG log message number 339 from service-8
2026-04-16 20:31:44 DEBUG log message number 340 from service-2
2026-04-16 09:01:40 DEBUG log message number 341 from service-5
2026-04-16 06:04:36 WARN log message number 342 from service-5
2026-04-16 16:56:12 WARN log message number 343 from service-2
2026-04-16 20:24:42 ERROR log message number 344 from service-8
2026-04-16 18:36:32 TRACE log message number 345 from service-8
2026-04-16 12:27:55 INFO log message number 346 from service-5
2026-04-16 15:30:31 WARN log message number 347 from service-9
2026-04-16 07:57:01 DEBUG log message number 348 from service-5
2026-04-16 08:28:23 TRACE log message number 349 from service-8
2026-04-16 16:38:28 DEBUG log message number 350 from service-1
2026-04-16 09:23:42 INFO log message number 351 from service-4
2026-04-16 08:37:58 ERROR log message number 352 from service-5
2026-04-16 18:31:54 TRACE log message number 353 from service-8
2026-04-16 07:05:44 TRACE log message number 354 from service-1
2026-04-16 03:17:35 TRACE log message number 355 from service-3
2026-04-16 04:48:21 INFO log message number 356 from service-0
2026-04-16 22:25:34 INFO log message number 357 from service-7
2026-04-16 17:38:10 TRACE log message number 358 from service-2
2026-04-16 01:55:21 INFO log message number 359 from service-9
2026-04-16 09:38:12 DEBUG log message number 360 from service-7
2026-04-16 18:54:56 DEBUG log message number 361 from service-4
2026-04-16 17:07:31 TRACE log message number 362 from service-2
2026-04-16 02:03:39 DEBUG log message number 363 from service-1
2026-04-16 13:07:43 WARN log message number 364 from service-8
2026-04-16 15:18:43 INFO log message number 365 from service-8
2026-04-16 20:39:52 TRACE log message number 366 from service-7
2026-04-16 13:34:18 DEBUG log message number 367 from service-5
2026-04-16 02:28:43 WARN log message number 368 from service-1
2026-04-16 11:31:29 DEBUG log message number 369 from service-1
2026-04-16 18:09:27 TRACE log message number 370 from service-3
2026-04-16 15:17:39 DEBUG log message number 371 from service-5
2026-04-16 22:28:43 WARN log message number 372 from service-8
2026-04-16 00:38:00 TRACE log message number 373 from service-9
2026-04-16 06:27:36 INFO log message number 374 from service-3
2026-04-16 10:28:31 WARN log message number 375 from service-0
2026-04-16 23:43:15 TRACE log message number 376 from service-7
2026-04-16 05:53:00 TRACE log message number 377 from service-0
2026-04-16 19:14:44 INFO log message number 378 from service-0
2026-04-16 12:34:33 WARN log message number 379 from service-0
2026-04-16 22:08:05 ERROR log message number 380 from service-9
2026-04-16 19:38:08 TRACE log message number 381 from service-0
2026-04-16 08:23:31 WARN log message number 382 from service-6
2026-04-16 22:14:30 DEBUG log message number 383 from service-0
2026-04-16 18:24:06 TRACE log message number 384 from service-2
2026-04-16 09:09:04 ERROR log message number 385 from service-0
2026-04-16 12:05:58 INFO log message number 386 from service-1
2026-04-16 15:05:55 TRACE log message number 387 from service-2
2026-04-16 06:56:47 DEBUG log message number 388 from service-3
2026-04-16 19:05:54 DEBUG log message number 389 from service-6
2026-04-16 12:37:03 TRACE log message number 390 from service-5
2026-04-16 04:16:25 INFO log message number 391 from service-0
2026-04-16 16:51:54 TRACE log message number 392 from service-4
2026-04-16 08:58:47 INFO log message number 393 from service-1
2026-04-16 15:16:55 ERROR log message number 394 from service-1
2026-04-16 07:47:44 DEBUG log message number 395 from service-8
2026-04-16 19:44:28 WARN log message number 396 from service-0
2026-04-16 16:32:16 WARN log message number 397 from service-0
2026-04-16 13:27:10 INFO log message number 398 from service-5
2026-04-16 17:30:13 DEBUG log message number 399 from service-0
2026-04-16 07:03:18 WARN log message number 400 from service-1
2026-04-16 23:32:18 ERROR log message number 401 from service-0
2026-04-16 08:42:08 ERROR log message number 402 from service-6
2026-04-16 11:28:58 ERROR log message number 403 from service-7
2026-04-16 20:15:36 INFO log message number 404 from service-4
2026-04-16 12:16:30 WARN log message number 405 from service-9
2026-04-16 03:35:23 DEBUG log message number 406 from service-1
2026-04-16 15:56:57 ERROR log message number 407 from service-8
2026-04-16 18:00:18 ERROR log message number 408 from service-9
2026-04-16 07:44:19 WARN log message number 409 from service-0
2026-04-16 02:28:09 TRACE log message number 410 from service-5
2026-04-16 16:18:22 ERROR log message number 411 from service-3
2026-04-16 18:34:48 ERROR log message number 412 from service-8
2026-04-16 22:46:31 INFO log message number 413 from service-0
2026-04-16 03:19:26 WARN log message number 414 from service-6
2026-04-16 23:25:02 DEBUG log message number 415 from service-9
2026-04-16 10:06:36 ERROR log message number 416 from service-9
2026-04-16 18:22:13 WARN log message number 417 from service-1
2026-04-16 14:25:52 ERROR log message number 418 from service-1
2026-04-16 04:04:14 ERROR log message number 419 from service-1
2026-04-16 11:28:02 DEBUG log message number 420 from service-5
2026-04-16 03:09:11 ERROR log message number 421 from service-9
2026-04-16 20:58:39 INFO log message number 422 from service-4
2026-04-16 14:07:55 TRACE log message number 423 from service-3
2026-04-16 13:18:20 INFO log message number 424 from service-6
2026-04-16 18:06:31 INFO log message number 425 from service-5
2026-04-16 02:04:28 TRACE log message number 426 from service-4
2026-04-16 05:26:53 TRACE log message number 427 from service-3
2026-04-16 15:22:17 ERROR log message number 428 from service-7
2026-04-16 08:11:14 ERROR log message number 429 from service-1
2026-04-16 23:18:45 INFO log message number 430 from service-5
2026-04-16 03:55:30 INFO log message number 431 from service-3
2026-04-16 13:10:16 WARN log message number 432 from service-2
2026-04-16 11:00:22 WARN log message number 433 from service-5
2026-04-16 13:52:57 ERROR log message number 434 from service-1
2026-04-16 16:36:44 TRACE log message number 435 from service-5
2026-04-16 14:52:28 TRACE log message number 436 from service-8
2026-04-16 09:42:58 DEBUG log message number 437 from service-0
2026-04-16 07:50:32 TRACE log message number 438 from service-4
2026-04-16 22:24:38 ERROR log message number 439 from service-5
2026-04-16 04:11:05 ERROR log message number 440 from service-4
2026-04-16 19:18:16 INFO log message number 441 from service-3
2026-04-16 17:23:10 ERROR log message number 442 from service-7
2026-04-16 12:32:27 INFO log message number 443 from service-9
2026-04-16 11:46:23 INFO log message number 444 from service-8
2026-04-16 16:26:59 ERROR log message number 445 from service-5
2026-04-16 21:03:39 WARN log message number 446 from service-6
2026-04-16 04:27:08 WARN log message number 447 from service-5
2026-04-16 12:09:15 ERROR log message number 448 from service-1
2026-04-16 09:43:20 WARN log message number 449 from service-5
2026-04-16 10:32:44 ERROR log message number 450 from service-3
2026-04-16 11:38:07 TRACE log message number 451 from service-3
2026-04-16 18:52:06 WARN log message number 452 from service-2
2026-04-16 20:02:12 TRACE log message number 453 from service-9
2026-04-16 22:43:00 INFO log message number 454 from service-4
2026-04-16 12:55:19 INFO log message number 455 from service-4
2026-04-16 05:17:24 WARN log message number 456 from service-1
2026-04-16 06:12:11 WARN log message number 457 from service-8
2026-04-16 11:01:15 INFO log message number 458 from service-5
2026-04-16 07:45:29 WARN log message number 459 from service-8
2026-04-16 09:34:54 ERROR log message number 460 from service-8
2026-04-16 16:53:18 INFO log message number 461 from service-4
2026-04-16 13:19:33 WARN log message number 462 from service-4
2026-04-16 13:45:57 DEBUG log message number 463 from service-0
2026-04-16 07:06:12 WARN log message number 464 from service-3
2026-04-16 16:35:17 WARN log message number 465 from service-9
2026-04-16 23:26:31 ERROR log message number 466 from service-3
2026-04-16 10:42:27 INFO log message number 467 from service-0
2026-04-16 21:06:33 INFO log message number 468 from service-9
2026-04-16 13:05:16 ERROR log message number 469 from service-5
2026-04-16 07:19:02 ERROR log message number 470 from service-4
2026-04-16 11:14:30 WARN log message number 471 from service-9
2026-04-16 09:13:21 WARN log message number 472 from service-8
2026-04-16 19:44:13 ERROR log message number 473 from service-7
2026-04-16 08:46:08 INFO log message number 474 from service-6
2026-04-16 14:51:31 WARN log message number 475 from service-9
2026-04-16 08:15:30 WARN log message number 476 from service-2
2026-04-16 22:56:50 WARN log message number 477 from service-2
2026-04-16 14:22:03 INFO log message number 478 from service-5
2026-04-16 00:30:24 TRACE log message number 479 from service-5
2026-04-16 17:30:06 INFO log message number 480 from service-4
2026-04-16 22:10:34 DEBUG log message number 481 from service-4
2026-04-16 11:47:43 INFO log message number 482 from service-0
2026-04-16 06:36:40 INFO log message number 483 from service-3
2026-04-16 18:32:35 TRACE log message number 484 from service-3
2026-04-16 18:46:01 WARN log message number 485 from service-0
2026-04-16 16:31:35 DEBUG log message number 486 from service-8
2026-04-16 20:41:11 INFO log message number 487 from service-5
2026-04-16 22:25:53 INFO log message number 488 from service-1
2026-04-16 16:08:54 INFO log message number 489 from service-1
2026-04-16 00:44:10 INFO log message number 490 from service-1
2026-04-16 13:42:25 DEBUG log message number 491 from service-4
2026-04-16 23:01:00 ERROR log message number 492 from service-1
2026-04-16 19:52:19 TRACE log message number 493 from service-8
2026-04-16 06:21:37 DEBUG log message number 494 from service-0
2026-04-16 05:25:10 ERROR log message number 495 from service-5
2026-04-16 05:45:21 TRACE log message number 496 from service-3
2026-04-16 22:49:14 ERROR log message number 497 from service-9
2026-04-16 07:54:54 ERROR log message number 498 from service-5
2026-04-16 13:39:41 TRACE log message number 499 from service-7
2026-04-16 00:58:33 INFO log message number 500 from service-9
2026-04-16 03:56:05 DEBUG log message number 501 from service-6
2026-04-16 21:11:39 INFO log message number 502 from service-2
2026-04-16 13:19:43 DEBUG log message number 503 from service-5
2026-04-16 09:21:08 ERROR log message number 504 from service-6
2026-04-16 12:27:25 TRACE log message number 505 from service-1
2026-04-16 16:51:37 DEBUG log message number 506 from service-4
2026-04-16 14:23:33 TRACE log message number 507 from service-0
2026-04-16 02:54:14 ERROR log message number 508 from service-3
2026-04-16 09:22:18 INFO log message number 509 from service-8
2026-04-16 13:37:06 WARN log message number 510 from service-0
2026-04-16 12:52:53 INFO log message number 511 from service-1
2026-04-16 11:47:00 ERROR log message number 512 from service-0
2026-04-16 08:32:20 WARN log message number 513 from service-0
2026-04-16 03:22:26 TRACE log message number 514 from service-3
2026-04-16 16:39:33 INFO log message number 515 from service-2
2026-04-16 13:35:36 TRACE log message number 516 from service-7
2026-04-16 05:11:06 TRACE log message number 517 from service-0
2026-04-16 04:51:00 DEBUG log message number 518 from service-7
2026-04-16 13:50:00 TRACE log message number 519 from service-9
2026-04-16 20:49:11 TRACE log message number 520 from service-1
2026-04-16 00:21:05 INFO log message number 521 from service-2
2026-04-16 23:45:25 TRACE log message number 522 from service-1
2026-04-16 19:32:15 TRACE log message number 523 from service-7
2026-04-16 06:11:22 INFO log message number 524 from service-3
2026-04-16 05:12:25 INFO log message number 525 from service-9
2026-04-16 07:48:38 ERROR log message number 526 from service-8
2026-04-16 14:16:59 WARN log message number 527 from service-9
2026-04-16 21:21:16 TRACE log message number 528 from service-4
2026-04-16 03:36:01 TRACE log message number 529 from service-7
2026-04-16 20:30:48 ERROR log message number 530 from service-2
2026-04-16 15:36:06 DEBUG log message number 531 from service-5
2026-04-16 18:34:10 INFO log message number 532 from service-6
2026-04-16 20:21:25 WARN log message number 533 from service-1
2026-04-16 15:54:39 INFO log message number 534 from service-8
2026-04-16 23:14:21 INFO log message number 535 from service-5
2026-04-16 02:07:59 ERROR log message number 536 from service-4
2026-04-16 15:13:40 INFO log message number 537 from service-2
2026-04-16 15:28:05 INFO log message number 538 from service-8
2026-04-16 00:54:17 TRACE log message number 539 from service-3
2026-04-16 16:01:05 ERROR log message number 540 from service-2
2026-04-16 01:08:47 WARN log message number 541 from service-4
2026-04-16 05:23:19 INFO log message number 542 from service-6
2026-04-16 11:50:34 WARN log message number 543 from service-8
2026-04-16 01:06:01 ERROR log message number 544 from service-9
2026-04-16 20:48:11 WARN log message number 545 from service-8
2026-04-16 20:52:16 DEBUG log message number 546 from service-1
2026-04-16 12:11:38 DEBUG log message number 547 from service-2
2026-04-16 16:10:03 ERROR log message number 548 from service-2
2026-04-16 18:03:38 ERROR log message number 549 from service-9
2026-04-16 04:37:13 ERROR log message number 550 from service-9
2026-04-16 01:24:07 ERROR log message number 551 from service-0
2026-04-16 06:17:04 TRACE log message number 552 from service-6
2026-04-16 05:44:41 WARN log message number 553 from service-9
2026-04-16 16:45:22 INFO log message number 554 from service-3
2026-04-16 15:50:04 ERROR log message number 555 from service-7
2026-04-16 18:49:35 DEBUG log message number 556 from service-2
2026-04-16 15:59:57 TRACE log message number 557 from service-3
2026-04-16 21:32:13 TRACE log message number 558 from service-2
2026-04-16 10:59:08 WARN log message number 559 from service-6
2026-04-16 05:02:46 TRACE log message number 560 from service-8
2026-04-16 00:41:17 INFO log message number 561 from service-0
2026-04-16 14:33:14 DEBUG log message number 562 from service-0
2026-04-16 23:54:24 TRACE log message number 563 from service-3
2026-04-16 10:48:41 INFO log message number 564 from service-0
2026-04-16 08:18:02 DEBUG log message number 565 from service-1
2026-04-16 12:07:42 TRACE log message number 566 from service-2
2026-04-16 04:54:56 INFO log message number 567 from service-5
2026-04-16 04:26:01 DEBUG log message number 568 from service-7
2026-04-16 15:24:32 TRACE log message number 569 from service-8
2026-04-16 16:01:52 DEBUG log message number 570 from service-7
2026-04-16 19:31:40 DEBUG log message number 571 from service-8
2026-04-16 18:11:40 ERROR log message number 572 from service-5
2026-04-16 00:06:33 INFO log message number 573 from service-0
2026-04-16 17:43:09 DEBUG log message number 574 from service-3
2026-04-16 10:01:41 TRACE log message number 575 from service-4
2026-04-16 11:46:25 INFO log message number 576 from service-2
2026-04-16 00:21:08 TRACE log message number 577 from service-8
2026-04-16 08:44:26 ERROR log message number 578 from service-9
2026-04-16 19:00:16 WARN log message number 579 from service-5
2026-04-16 05:32:56 WARN log message number 580 from service-5
2026-04-16 20:20:12 DEBUG log message number 581 from service-0
2026-04-16 17:49:32 TRACE log message number 582 from service-7
2026-04-16 08:59:54 INFO log message number 583 from service-0
2026-04-16 06:43:42 TRACE log message number 584 from service-8
2026-04-16 20:50:56 ERROR log message number 585 from service-3
2026-04-16 23:05:50 WARN log message number 586 from service-4
2026-04-16 06:44:24 ERROR log message number 587 from service-5
2026-04-16 17:42:17 INFO log message number 588 from service-6
2026-04-16 03:59:06 ERROR log message number 589 from service-7
2026-04-16 05:18:02 WARN log message number 590 from service-3
2026-04-16 05:25:43 DEBUG log message number 591 from service-7
2026-04-16 10:45:09 ERROR log message number 592 from service-5
2026-04-16 04:38:22 ERROR log message number 593 from service-6
2026-04-16 06:25:24 ERROR log message number 594 from service-7
2026-04-16 21:11:07 ERROR log message number 595 from service-0
2026-04-16 09:32:49 INFO log message number 596 from service-9
2026-04-16 18:46:31 ERROR log message number 597 from service-8
2026-04-16 17:36:24 ERROR log message number 598 from service-1
2026-04-16 04:44:32 DEBUG log message number 599 from service-7
2026-04-16 17:18:37 WARN log message number 600 from service-0
2026-04-16 19:11:41 ERROR log message number 601 from service-0
2026-04-16 10:46:05 INFO log message number 602 from service-6
2026-04-16 00:20:47 ERROR log message number 603 from service-0
2026-04-16 19:31:01 WARN log message number 604 from service-1
2026-04-16 13:56:10 DEBUG log message number 605 from service-7
2026-04-16 20:36:59 ERROR log message number 606 from service-2
2026-04-16 09:04:41 ERROR log message number 607 from service-2
2026-04-16 22:26:32 TRACE log message number 608 from service-4
2026-04-16 23:58:10 DEBUG log message number 609 from service-6
2026-04-16 16:32:50 TRACE log message number 610 from service-1
2026-04-16 12:22:30 WARN log message number 611 from service-8
2026-04-16 11:53:33 DEBUG log message number 612 from service-0
2026-04-16 08:02:48 WARN log message number 613 from service-3
2026-04-16 02:18:38 TRACE log message number 614 from service-7
2026-04-16 21:49:31 TRACE log message number 615 from service-8
2026-04-16 17:30:08 TRACE log message number 616 from service-1
2026-04-16 13:08:00 INFO log message number 617 from service-7
2026-04-16 19:27:19 INFO log message number 618 from service-0
2026-04-16 09:37:18 TRACE log message number 619 from service-7
2026-04-16 01:20:31 WARN log message number 620 from service-2
2026-04-16 01:36:56 DEBUG log message number 621 from service-0
2026-04-16 22:05:47 TRACE log message number 622 from service-4
2026-04-16 08:54:57 DEBUG log message number 623 from service-5
2026-04-16 05:17:18 INFO log message number 624 from service-4
2026-04-16 17:57:21 WARN log message number 625 from service-5
2026-04-16 08:58:43 DEBUG log message number 626 from service-5
2026-04-16 15:39:05 DEBUG log message number 627 from service-1
2026-04-16 08:19:31 INFO log message number 628 from service-6
2026-04-16 17:06:11 ERROR log message number 629 from service-3
2026-04-16 00:32:06 ERROR log message number 630 from service-0
2026-04-16 01:37:29 TRACE log message number 631 from service-5
2026-04-16 17:52:31 TRACE log message number 632 from service-0
2026-04-16 09:42:32 INFO log message number 633 from service-7
2026-04-16 14:03:40 ERROR log message number 634 from service-0
2026-04-16 09:13:04 WARN log message number 635 from service-5
2026-04-16 03:35:54 TRACE log message number 636 from service-0
2026-04-16 15:30:28 TRACE log message number 637 from service-2
2026-04-16 09:24:56 ERROR log message number 638 from service-2
2026-04-16 15:11:02 ERROR log message number 639 from service-4
2026-04-16 17:35:08 TRACE log message number 640 from service-1
2026-04-16 21:17:57 DEBUG log message number 641 from service-4
2026-04-16 01:50:36 TRACE log message number 642 from service-9
2026-04-16 00:16:41 WARN log message number 643 from service-6
2026-04-16 05:58:16 TRACE log message number 644 from service-6
2026-04-16 18:58:34 INFO log message number 645 from service-4
2026-04-16 08:42:56 WARN log message number 646 from service-2
2026-04-16 08:34:31 WARN log message number 647 from service-2
2026-04-16 17:14:17 ERROR log message number 648 from service-5
2026-04-16 15:47:11 INFO log message number 649 from service-5
2026-04-16 23:32:41 DEBUG log message number 650 from service-1
2026-04-16 01:26:45 DEBUG log message number 651 from service-3
2026-04-16 18:09:59 WARN log message number 652 from service-6
2026-04-16 00:18:02 TRACE log message number 653 from service-6
2026-04-16 21:33:19 INFO log message number 654 from service-0
2026-04-16 14:12:35 TRACE log message number 655 from service-6
2026-04-16 04:11:11 WARN log message number 656 from service-3
2026-04-16 16:10:30 INFO log message number 657 from service-8
2026-04-16 16:50:10 DEBUG log message number 658 from service-7
2026-04-16 01:02:23 TRACE log message number 659 from service-4
2026-04-16 13:39:55 INFO log message number 660 from service-3
2026-04-16 05:34:52 TRACE log message number 661 from service-7
2026-04-16 10:07:42 WARN log message number 662 from service-1
2026-04-16 17:42:03 DEBUG log message number 663 from service-4
2026-04-16 13:04:20 TRACE log message number 664 from service-8
2026-04-16 01:19:52 INFO log message number 665 from service-0
2026-04-16 21:35:53 DEBUG log message number 666 from service-7
2026-04-16 22:07:08 DEBUG log message number 667 from service-4
2026-04-16 10:43:59 TRACE log message number 668 from service-7
2026-04-16 11:07:19 WARN log message number 669 from service-0
2026-04-16 04:39:38 ERROR log message number 670 from service-6
2026-04-16 21:19:26 INFO log message number 671 from service-2
2026-04-16 13:57:11 WARN log message number 672 from service-5
2026-04-16 10:45:52 INFO log message number 673 from service-6
2026-04-16 01:13:55 INFO log message number 674 from service-4
2026-04-16 15:51:53 INFO log message number 675 from service-4
2026-04-16 08:06:06 WARN log message number 676 from service-5
2026-04-16 12:01:22 DEBUG log message number 677 from service-7
2026-04-16 00:40:23 TRACE log message number 678 from service-8
2026-04-16 12:06:02 WARN log message number 679 from service-4
2026-04-16 20:50:37 DEBUG log message number 680 from service-4
2026-04-16 22:20:08 WARN log message number 681 from service-5
2026-04-16 03:04:48 TRACE log message number 682 from service-2
2026-04-16 19:05:46 DEBUG log message number 683 from service-5
2026-04-16 18:33:58 TRACE log message number 684 from service-0
2026-04-16 04:17:08 WARN log message number 685 from service-5
2026-04-16 16:25:31 TRACE log message number 686 from service-9
2026-04-16 18:36:42 INFO log message number 687 from service-5
2026-04-16 04:08:00 ERROR log message number 688 from service-0
2026-04-16 21:13:39 TRACE log message number 689 from service-7
2026-04-16 12:24:24 ERROR log message number 690 from service-1
2026-04-16 12:21:49 WARN log message number 691 from service-1
2026-04-16 01:01:27 INFO log message number 692 from service-0
2026-04-16 18:47:57 TRACE log message number 693 from service-0
2026-04-16 05:49:46 WARN log message number 694 from service-9
2026-04-16 11:15:43 TRACE log message number 695 from service-3
2026-04-16 06:33:58 DEBUG log message number 696 from service-3
2026-04-16 05:30:34 INFO log message number 697 from service-1
2026-04-16 08:14:18 WARN log message number 698 from service-3
2026-04-16 12:55:55 INFO log message number 699 from service-3
2026-04-16 04:56:57 INFO log message number 700 from service-2
2026-04-16 10:20:33 TRACE log message number 701 from service-5
2026-04-16 01:31:08 ERROR log message number 702 from service-8
2026-04-16 08:22:13 DEBUG log message number 703 from service-0
2026-04-16 22:58:50 ERROR log message number 704 from service-9
2026-04-16 02:26:55 DEBUG log message number 705 from service-0
2026-04-16 13:39:47 INFO log message number 706 from service-7
2026-04-16 11:35:43 ERROR log message number 707 from service-1
2026-04-16 04:50:49 ERROR log message number 708 from service-2
2026-04-16 23:27:32 ERROR log message number 709 from service-3
2026-04-16 22:32:51 TRACE log message number 710 from service-9
2026-04-16 15:12:03 TRACE log message number 711 from service-2
2026-04-16 13:51:09 TRACE log message number 712 from service-5
2026-04-16 02:53:32 TRACE log message number 713 from service-4
2026-04-16 03:48:53 INFO log message number 714 from service-3
2026-04-16 05:14:34 DEBUG log message number 715 from service-9
2026-04-16 00:07:00 DEBUG log message number 716 from service-2
2026-04-16 00:16:51 ERROR log message number 717 from service-9
2026-04-16 11:05:06 ERROR log message number 718 from service-5
2026-04-16 22:10:41 TRACE log message number 719 from service-3
2026-04-16 21:10:19 DEBUG log message number 720 from service-0
2026-04-16 09:01:37 INFO log message number 721 from service-6
2026-04-16 00:46:41 ERROR log message number 722 from service-9
2026-04-16 08:17:47 TRACE log message number 723 from service-6
2026-04-16 17:19:49 WARN log message number 724 from service-5
2026-04-16 00:24:25 DEBUG log message number 725 from service-4
2026-04-16 17:37:47 TRACE log message number 726 from service-4
2026-04-16 08:58:32 WARN log message number 727 from service-1
2026-04-16 04:54:03 ERROR log message number 728 from service-5
2026-04-16 13:27:32 DEBUG log message number 729 from service-0
2026-04-16 03:03:40 WARN log message number 730 from service-4
2026-04-16 01:54:34 WARN log message number 731 from service-3
2026-04-16 01:19:52 TRACE log message number 732 from service-2
2026-04-16 10:51:21 INFO log message number 733 from service-3
2026-04-16 20:56:30 INFO log message number 734 from service-0
2026-04-16 21:16:51 WARN log message number 735 from service-9
2026-04-16 16:10:36 ERROR log message number 736 from service-3
2026-04-16 04:22:08 INFO log message number 737 from service-6
2026-04-16 04:49:26 TRACE log message number 738 from service-2
2026-04-16 10:19:28 INFO log message number 739 from service-4
2026-04-16 09:39:33 DEBUG log message number 740 from service-5
2026-04-16 19:12:48 DEBUG log message number 741 from service-6
2026-04-16 03:06:06 WARN log message number 742 from service-9
2026-04-16 04:22:47 ERROR log message number 743 from service-5
2026-04-16 14:28:54 TRACE log message number 744 from service-6
2026-04-16 09:48:27 ERROR log message number 745 from service-8
2026-04-16 05:05:39 INFO log message number 746 from service-1
2026-04-16 10:35:35 WARN log message number 747 from service-4
2026-04-16 20:40:10 ERROR log message number 748 from service-3
2026-04-16 17:05:17 WARN log message number 749 from service-7
2026-04-16 04:00:55 INFO log message number 750 from service-7
2026-04-16 14:37:07 WARN log message number 751 from service-4
2026-04-16 10:15:13 WARN log message number 752 from service-8
2026-04-16 05:08:36 TRACE log message number 753 from service-3
2026-04-16 08:43:16 ERROR log message number 754 from service-3
2026-04-16 22:02:42 ERROR log message number 755 from service-3
2026-04-16 00:10:15 TRACE log message number 756 from service-8
2026-04-16 21:27:06 INFO log message number 757 from service-4
2026-04-16 10:07:41 WARN log message number 758 from service-5
2026-04-16 17:27:55 INFO log message number 759 from service-0
2026-04-16 11:45:23 INFO log message number 760 from service-0
2026-04-16 09:42:53 DEBUG log message number 761 from service-0
2026-04-16 15:31:19 DEBUG log message number 762 from service-4
2026-04-16 11:33:23 WARN log message number 763 from service-9
2026-04-16 22:10:59 INFO log message number 764 from service-7
2026-04-16 15:28:12 ERROR log message number 765 from service-9
2026-04-16 10:45:40 INFO log message number 766 from service-6
2026-04-16 15:23:44 WARN log message number 767 from service-7
2026-04-16 06:39:09 WARN log message number 768 from service-7
2026-04-16 07:23:00 TRACE log message number 769 from service-9
2026-04-16 20:10:48 INFO log message number 770 from service-1
2026-04-16 10:59:26 TRACE log message number 771 from service-8
2026-04-16 14:33:39 INFO log message number 772 from service-8
2026-04-16 13:49:09 TRACE log message number 773 from service-1
2026-04-16 20:37:27 DEBUG log message number 774 from service-5
2026-04-16 16:01:05 INFO log message number 775 from service-7
2026-04-16 23:43:17 ERROR log message number 776 from service-9
2026-04-16 12:37:18 DEBUG log message number 777 from service-5
2026-04-16 04:08:06 ERROR log message number 778 from service-0
2026-04-16 19:10:23 DEBUG log message number 779 from service-3
2026-04-16 12:48:44 WARN log message number 780 from service-3
2026-04-16 20:21:18 ERROR log message number 781 from service-9
2026-04-16 20:23:36 DEBUG log message number 782 from service-2
2026-04-16 05:11:38 INFO log message number 783 from service-2
2026-04-16 20:43:46 TRACE log message number 784 from service-6
2026-04-16 09:40:25 DEBUG log message number 785 from service-5
2026-04-16 04:41:43 DEBUG log message number 786 from service-9
2026-04-16 01:26:08 ERROR log message number 787 from service-9
2026-04-16 15:28:49 WARN log message number 788 from service-4
2026-04-16 10:30:13 TRACE log message number 789 from service-6
2026-04-16 09:46:57 TRACE log message number 790 from service-2
2026-04-16 18:32:45 WARN log message number 791 from service-8
2026-04-16 02:49:01 ERROR log message number 792 from service-2
2026-04-16 15:13:17 WARN log message number 793 from service-3
2026-04-16 00:27:31 DEBUG log message number 794 from service-7
2026-04-16 12:46:55 WARN log message number 795 from service-6
2026-04-16 17:06:01 ERROR log message number 796 from service-6
2026-04-16 01:21:10 DEBUG log message number 797 from service-5
2026-04-16 23:37:14 WARN log message number 798 from service-4
2026-04-16 21:05:03 WARN log message number 799 from service-6
2026-04-16 19:44:39 TRACE log message number 800 from service-9
2026-04-16 11:11:14 ERROR log message number 801 from service-0
2026-04-16 23:51:20 DEBUG log message number 802 from service-6
2026-04-16 17:39:15 DEBUG log message number 803 from service-8
2026-04-16 22:53:00 ERROR log message number 804 from service-7
2026-04-16 02:15:15 ERROR log message number 805 from service-1
2026-04-16 01:59:20 TRACE log message number 806 from service-2
2026-04-16 15:43:47 TRACE log message number 807 from service-9
2026-04-16 01:43:03 ERROR log message number 808 from service-7
2026-04-16 07:32:54 WARN log message number 809 from service-1
2026-04-16 07:19:40 WARN log message number 810 from service-3
2026-04-16 02:52:34 DEBUG log message number 811 from service-7
2026-04-16 14:12:48 TRACE log message number 812 from service-0
2026-04-16 15:41:47 INFO log message number 813 from service-9
2026-04-16 11:38:04 DEBUG log message number 814 from service-1
2026-04-16 07:48:36 DEBUG log message number 815 from service-4
2026-04-16 00:06:33 TRACE log message number 816 from service-3
2026-04-16 12:38:11 WARN log message number 817 from service-5
2026-04-16 01:48:57 DEBUG log message number 818 from service-0
2026-04-16 20:25:59 WARN log message number 819 from service-4
2026-04-16 17:16:57 TRACE log message number 820 from service-2
2026-04-16 06:05:18 ERROR log message number 821 from service-5
2026-04-16 09:02:42 ERROR log message number 822 from service-7
2026-04-16 22:19:10 ERROR log message number 823 from service-5
2026-04-16 13:18:16 WARN log message number 824 from service-1
2026-04-16 22:36:42 TRACE log message number 825 from service-3
2026-04-16 13:11:16 WARN log message number 826 from service-8
2026-04-16 04:50:45 ERROR log message number 827 from service-7
2026-04-16 18:37:33 INFO log message number 828 from service-2
2026-04-16 20:39:03 DEBUG log message number 829 from service-2
2026-04-16 19:05:22 TRACE log message number 830 from service-4
2026-04-16 09:59:05 DEBUG log message number 831 from service-1
2026-04-16 05:29:18 INFO log message number 832 from service-0
2026-04-16 15:44:11 TRACE log message number 833 from service-9
2026-04-16 12:36:17 WARN log message number 834 from service-4
2026-04-16 00:16:46 ERROR log message number 835 from service-2
2026-04-16 01:53:58 INFO log message number 836 from service-4
2026-04-16 04:01:09 ERROR log message number 837 from service-4
2026-04-16 23:28:40 INFO log message number 838 from service-2
2026-04-16 08:21:44 ERROR log message number 839 from service-1
2026-04-16 19:05:23 ERROR log message number 840 from service-8
2026-04-16 08:19:13 TRACE log message number 841 from service-3
2026-04-16 07:11:07 TRACE log message number 842 from service-9
2026-04-16 23:16:25 INFO log message number 843 from service-9
2026-04-16 09:09:10 DEBUG log message number 844 from service-7
2026-04-16 14:13:00 ERROR log message number 845 from service-6
2026-04-16 01:29:39 WARN log message number 846 from service-9
2026-04-16 02:21:48 INFO log message number 847 from service-8
2026-04-16 14:53:58 ERROR log message number 848 from service-4
2026-04-16 11:33:44 ERROR log message number 849 from service-9
2026-04-16 19:52:10 ERROR log message number 850 from service-8
2026-04-16 04:13:39 TRACE log message number 851 from service-5
2026-04-16 21:07:14 WARN log message number 852 from service-7
2026-04-16 06:44:52 DEBUG log message number 853 from service-8
2026-04-16 04:49:41 INFO log message number 854 from service-7
2026-04-16 23:56:06 ERROR log message number 855 from service-3
2026-04-16 06:55:30 TRACE log message number 856 from service-7
2026-04-16 14:44:57 DEBUG log message number 857 from service-9
2026-04-16 03:28:05 DEBUG log message number 858 from service-3
2026-04-16 10:51:05 DEBUG log message number 859 from service-1
2026-04-16 12:16:46 WARN log message number 860 from service-4
2026-04-16 17:11:50 WARN log message number 861 from service-1
2026-04-16 07:04:32 INFO log message number 862 from service-6
2026-04-16 00:35:45 TRACE log message number 863 from service-3
2026-04-16 11:59:36 TRACE log message number 864 from service-0
2026-04-16 03:09:08 DEBUG log message number 865 from service-7
2026-04-16 19:18:17 WARN log message number 866 from service-3
2026-04-16 08:31:08 TRACE log message number 867 from service-9
2026-04-16 01:21:50 TRACE log message number 868 from service-9
2026-04-16 11:11:48 WARN log message number 869 from service-0
2026-04-16 00:06:50 INFO log message number 870 from service-2
2026-04-16 11:46:59 WARN log message number 871 from service-7
2026-04-16 10:30:01 TRACE log message number 872 from service-1
2026-04-16 12:36:42 WARN log message number 873 from service-2
2026-04-16 13:42:12 TRACE log message number 874 from service-5
2026-04-16 04:54:51 DEBUG log message number 875 from service-2
2026-04-16 00:44:56 DEBUG log message number 876 from service-5
2026-04-16 04:32:14 INFO log message number 877 from service-4
2026-04-16 21:05:28 ERROR log message number 878 from service-2
2026-04-16 09:54:37 DEBUG log message number 879 from service-7
2026-04-16 16:28:59 WARN log message number 880 from service-3
2026-04-16 06:31:30 WARN log message number 881 from service-0
2026-04-16 22:58:40 WARN log message number 882 from service-2
2026-04-16 21:05:06 WARN log message number 883 from service-7
2026-04-16 10:25:23 INFO log message number 884 from service-9
2026-04-16 10:17:21 INFO log message number 885 from service-2
2026-04-16 08:28:44 WARN log message number 886 from service-9
2026-04-16 00:38:14 INFO log message number 887 from service-5
2026-04-16 04:40:21 WARN log message number 888 from service-4
2026-04-16 21:55:43 INFO log message number 889 from service-3
2026-04-16 18:36:51 TRACE log message number 890 from service-1
2026-04-16 22:38:17 TRACE log message number 891 from service-5
2026-04-16 10:42:09 ERROR log message number 892 from service-8
2026-04-16 05:22:20 ERROR log message number 893 from service-3
2026-04-16 16:05:04 WARN log message number 894 from service-8
2026-04-16 05:34:35 DEBUG log message number 895 from service-2
2026-04-16 19:11:28 INFO log message number 896 from service-5
2026-04-16 09:51:13 DEBUG log message number 897 from service-0
2026-04-16 21:03:48 INFO log message number 898 from service-9
2026-04-16 19:19:32 DEBUG log message number 899 from service-6
2026-04-16 12:17:37 INFO log message number 900 from service-8
2026-04-16 03:30:40 DEBUG log message number 901 from service-7
2026-04-16 14:27:11 TRACE log message number 902 from service-9
2026-04-16 09:25:00 ERROR log message number 903 from service-5
2026-04-16 23:59:40 ERROR log message number 904 from service-1
2026-04-16 17:33:40 ERROR log message number 905 from service-6
2026-04-16 20:52:50 INFO log message number 906 from service-5
2026-04-16 17:30:53 INFO log message number 907 from service-5
2026-04-16 23:02:58 ERROR log message number 908 from service-8
2026-04-16 16:57:50 TRACE log message number 909 from service-6
2026-04-16 01:59:40 INFO log message number 910 from service-9
2026-04-16 08:51:11 TRACE log message number 911 from service-3
2026-04-16 17:10:22 ERROR log message number 912 from service-0
2026-04-16 07:14:51 INFO log message number 913 from service-4
2026-04-16 07:33:16 TRACE log message number 914 from service-2
2026-04-16 06:27:29 TRACE log message number 915 from service-2
2026-04-16 05:28:30 INFO log message number 916 from service-7
2026-04-16 14:54:14 WARN log message number 917 from service-1
2026-04-16 09:44:55 ERROR log message number 918 from service-8
2026-04-16 22:10:41 TRACE log message number 919 from service-5
2026-04-16 08:38:11 INFO log message number 920 from service-7
2026-04-16 04:51:09 INFO log message number 921 from service-0
2026-04-16 05:45:27 ERROR log message number 922 from service-3
2026-04-16 14:08:03 WARN log message number 923 from service-6
2026-04-16 03:16:30 INFO log message number 924 from service-5
2026-04-16 09:40:56 DEBUG log message number 925 from service-2
2026-04-16 00:23:05 INFO log message number 926 from service-5
2026-04-16 23:11:00 INFO log message number 927 from service-5
2026-04-16 10:58:15 DEBUG log message number 928 from service-8
2026-04-16 08:46:57 DEBUG log message number 929 from service-9
2026-04-16 00:18:47 ERROR log message number 930 from service-9
2026-04-16 17:57:06 WARN log message number 931 from service-9
2026-04-16 08:56:31 ERROR log message number 932 from service-6
2026-04-16 02:51:18 ERROR log message number 933 from service-0
2026-04-16 18:35:49 INFO log message number 934 from service-1
2026-04-16 10:21:12 WARN log message number 935 from service-5
2026-04-16 11:01:13 INFO log message number 936 from service-1
2026-04-16 22:06:36 INFO log message number 937 from service-5
2026-04-16 22:42:25 WARN log message number 938 from service-1
2026-04-16 18:02:32 DEBUG log message number 939 from service-7
2026-04-16 17:35:47 DEBUG log message number 940 from service-7
2026-04-16 01:20:24 ERROR log message number 941 from service-7
2026-04-16 06:22:14 TRACE log message number 942 from service-4
2026-04-16 19:25:09 ERROR log message number 943 from service-2
2026-04-16 14:23:18 WARN log message number 944 from service-0
2026-04-16 02:10:43 DEBUG log message number 945 from service-0
2026-04-16 08:54:30 ERROR log message number 946 from service-0
2026-04-16 16:42:28 WARN log message number 947 from service-4
2026-04-16 15:51:55 WARN log message number 948 from service-5
2026-04-16 20:26:09 WARN log message number 949 from service-3
2026-04-16 20:31:29 ERROR log message number 950 from service-4
2026-04-16 08:04:27 WARN log message number 951 from service-0
2026-04-16 11:01:14 INFO log message number 952 from service-7
2026-04-16 07:10:46 ERROR log message number 953 from service-9
2026-04-16 21:19:49 DEBUG log message number 954 from service-7
2026-04-16 02:24:54 TRACE log message number 955 from service-2
2026-04-16 08:53:23 TRACE log message number 956 from service-2
2026-04-16 02:06:04 TRACE log message number 957 from service-6
2026-04-16 00:59:48 WARN log message number 958 from service-0
2026-04-16 04:07:26 TRACE log message number 959 from service-3
2026-04-16 23:06:23 WARN log message number 960 from service-4
2026-04-16 19:43:26 ERROR log message number 961 from service-9
2026-04-16 06:51:05 INFO log message number 962 from service-4
2026-04-16 22:42:35 DEBUG log message number 963 from service-4
2026-04-16 13:52:16 ERROR log message number 964 from service-8
2026-04-16 07:35:35 DEBUG log message number 965 from service-9
2026-04-16 16:07:54 TRACE log message number 966 from service-3
2026-04-16 02:30:04 WARN log message number 967 from service-4
2026-04-16 14:30:33 TRACE log message number 968 from service-8
2026-04-16 18:54:43 TRACE log message number 969 from service-7
2026-04-16 11:16:42 ERROR log message number 970 from service-5
2026-04-16 15:37:43 INFO log message number 971 from service-6
2026-04-16 03:04:22 ERROR log message number 972 from service-1
2026-04-16 11:02:47 TRACE log message number 973 from service-6
2026-04-16 06:21:43 DEBUG log message number 974 from service-7
2026-04-16 16:43:49 WARN log message number 975 from service-5
2026-04-16 18:46:09 WARN log message number 976 from service-1
2026-04-16 06:50:15 ERROR log message number 977 from service-6
2026-04-16 02:03:16 DEBUG log message number 978 from service-2
2026-04-16 07:53:58 ERROR log message number 979 from service-1
2026-04-16 06:38:08 TRACE log message number 980 from service-8
2026-04-16 23:03:46 TRACE log message number 981 from service-5
2026-04-16 14:21:16 TRACE log message number 982 from service-3
2026-04-16 01:35:50 ERROR log message number 983 from service-1
2026-04-16 17:54:05 WARN log message number 984 from service-9
2026-04-16 02:54:51 ERROR log message number 985 from service-7
2026-04-16 22:44:33 ERROR log message number 986 from service-5
2026-04-16 14:38:40 TRACE log message number 987 from service-3
2026-04-16 09:34:51 TRACE log message number 988 from service-2
2026-04-16 22:31:23 DEBUG log message number 989 from service-3
2026-04-16 22:03:12 INFO log message number 990 from service-1
2026-04-16 23:30:57 ERROR log message number 991 from service-1
2026-04-16 17:32:01 TRACE log message number 992 from service-6
2026-04-16 02:27:18 DEBUG log message number 993 from service-3
2026-04-16 07:49:53 DEBUG log message number 994 from service-6
2026-04-16 09:16:30 TRACE log message number 995 from service-4
2026-04-16 12:13:52 TRACE log message number 996 from service-0
2026-04-16 03:23:14 DEBUG log message number 997 from service-0
2026-04-16 23:16:10 INFO log message number 998 from service-8
2026-04-16 08:22:27 DEBUG log message number 999 from service-4
2026-04-16 12:32:09 WARN log message number 1000 from service-9
